# JRE version: OpenJDK Runtime Environment Temurin-17.0.8+7 (17.0.8+7) (build 17.0.8+7)
# Java VM: OpenJDK 64-Bit Server VM Temurin-17.0.8+7 (17.0.8+7, mixed mode, sharing, tiered, compressed oops, compressed class ptrs, g1 gc, windows-amd64)
GC Precious Log:
 CPUs: 4 total, 4 available
 Memory: 4013M
 Large Page Support: Disabled
 NUMA Support: Disabled
 Compressed Oops: Enabled (32-bit)
 Heap Region Size: 1M
 Heap Min Capacity: 8M
 Heap Initial Capacity: 64M
 Heap Max Capacity: 1004M
 Pre-touch: Disabled
 Parallel Workers: 4
 Concurrent Workers: 1
 Concurrent Refinement Workers: 4
 Periodic GC: Disabled
Heap:
 garbage-first heap   total 323584K, used 157497K [0x00000000c1400000, 0x0000000100000000)
  region size 1024K, 80 young (81920K), 4 survivors (4096K)
 Metaspace       used 34194K, committed 35264K, reserved 1114112K
  class space    used 4119K, committed 4608K, reserved 1048576K
GC Heap History (20 events):
Event: 8.693 GC heap before
{Heap before GC invocations=18 (full 0):
 garbage-first heap   total 133120K, used 98304K [0x00000000c1400000, 0x0000000100000000)
  region size 1024K, 25 young (25600K), 0 survivors (0K)
 Metaspace       used 17284K, committed 17600K, reserved 1114112K
  class space    used 2087K, committed 2240K, reserved 1048576K
}
Event: 8.702 GC heap after
{Heap after GC invocations=19 (full 0):
 garbage-first heap   total 133120K, used 69425K [0x00000000c1400000, 0x0000000100000000)
  region size 1024K, 4 young (4096K), 4 survivors (4096K)
 Metaspace       used 17284K, committed 17600K, reserved 1114112K
  class space    used 2087K, committed 2240K, reserved 1048576K
}
Event: 9.564 GC heap before
{Heap before GC invocations=19 (full 0):
 garbage-first heap   total 133120K, used 94001K [0x00000000c1400000, 0x0000000100000000)
  region size 1024K, 29 young (29696K), 4 survivors (4096K)
 Metaspace       used 19849K, committed 20160K, reserved 1114112K
  class space    used 2441K, committed 2560K, reserved 1048576K
}
Event: 9.571 GC heap after
{Heap after GC invocations=20 (full 0):
 garbage-first heap   total 133120K, used 71120K [0x00000000c1400000, 0x0000000100000000)
  region size 1024K, 2 young (2048K), 2 survivors (2048K)
 Metaspace       used 19849K, committed 20160K, reserved 1114112K
  class space    used 2441K, committed 2560K, reserved 1048576K
}
Event: 10.129 GC heap before
{Heap before GC invocations=21 (full 0):
 garbage-first heap   total 133120K, used 89552K [0x00000000c1400000, 0x0000000100000000)
  region size 1024K, 28 young (28672K), 2 survivors (2048K)
 Metaspace       used 23338K, committed 23936K, reserved 1114112K
  class space    used 2929K, committed 3200K, reserved 1048576K
}
Event: 10.134 GC heap after
{Heap after GC invocations=22 (full 0):
 garbage-first heap   total 133120K, used 64563K [0x00000000c1400000, 0x0000000100000000)
  region size 1024K, 4 young (4096K), 4 survivors (4096K)
 Metaspace       used 23338K, committed 23936K, reserved 1114112K
  class space    used 2929K, committed 3200K, reserved 1048576K
}
Event: 10.207 GC heap before
{Heap before GC invocations=22 (full 0):
 garbage-first heap   total 133120K, used 65587K [0x00000000c1400000, 0x0000000100000000)
  region size 1024K, 6 young (6144K), 4 survivors (4096K)
 Metaspace       used 23515K, committed 24192K, reserved 1114112K
  class space    used 2940K, committed 3264K, reserved 1048576K
}
Event: 10.213 GC heap after
{Heap after GC invocations=23 (full 0):
 garbage-first heap   total 133120K, used 64917K [0x00000000c1400000, 0x0000000100000000)
  region size 1024K, 1 young (1024K), 1 survivors (1024K)
 Metaspace       used 23515K, committed 24192K, reserved 1114112K
  class space    used 2940K, committed 3264K, reserved 1048576K
}
Event: 10.470 GC heap before
{Heap before GC invocations=23 (full 0):
 garbage-first heap   total 133120K, used 97685K [0x00000000c1400000, 0x0000000100000000)
  region size 1024K, 33 young (33792K), 1 survivors (1024K)
 Metaspace       used 23705K, committed 24384K, reserved 1114112K
  class space    used 2952K, committed 3264K, reserved 1048576K
}
Event: 10.488 GC heap after
{Heap after GC invocations=24 (full 0):
 garbage-first heap   total 133120K, used 75943K [0x00000000c1400000, 0x0000000100000000)
  region size 1024K, 5 young (5120K), 5 survivors (5120K)
 Metaspace       used 23705K, committed 24384K, reserved 1114112K
  class space    used 2952K, committed 3264K, reserved 1048576K
}
Event: 10.693 GC heap before
{Heap before GC invocations=24 (full 0):
 garbage-first heap   total 150528K, used 99495K [0x00000000c1400000, 0x0000000100000000)
  region size 1024K, 28 young (28672K), 5 survivors (5120K)
 Metaspace       used 24583K, committed 25216K, reserved 1114112K
  class space    used 3056K, committed 3328K, reserved 1048576K
}
Event: 10.707 GC heap after
{Heap after GC invocations=25 (full 0):
 garbage-first heap   total 323584K, used 76779K [0x00000000c1400000, 0x0000000100000000)
  region size 1024K, 2 young (2048K), 2 survivors (2048K)
 Metaspace       used 24583K, committed 25216K, reserved 1114112K
  class space    used 3056K, committed 3328K, reserved 1048576K
}
Event: 12.041 GC heap before
{Heap before GC invocations=26 (full 0):
 garbage-first heap   total 323584K, used 207851K [0x00000000c1400000, 0x0000000100000000)
  region size 1024K, 130 young (133120K), 2 survivors (2048K)
 Metaspace       used 27437K, committed 28288K, reserved 1114112K
  class space    used 3390K, committed 3776K, reserved 1048576K
}
Event: 12.054 GC heap after
{Heap after GC invocations=27 (full 0):
 garbage-first heap   total 323584K, used 78059K [0x00000000c1400000, 0x0000000100000000)
  region size 1024K, 3 young (3072K), 3 survivors (3072K)
 Metaspace       used 27437K, committed 28288K, reserved 1114112K
  class space    used 3390K, committed 3776K, reserved 1048576K
}
Event: 12.095 GC heap before
{Heap before GC invocations=27 (full 0):
 garbage-first heap   total 323584K, used 90347K [0x00000000c1400000, 0x0000000100000000)
  region size 1024K, 15 young (15360K), 3 survivors (3072K)
 Metaspace       used 27437K, committed 28288K, reserved 1114112K
  class space    used 3390K, committed 3776K, reserved 1048576K
}
Event: 12.100 GC heap after
{Heap after GC invocations=28 (full 0):
 garbage-first heap   total 323584K, used 77694K [0x00000000c1400000, 0x0000000100000000)
  region size 1024K, 1 young (1024K), 1 survivors (1024K)
 Metaspace       used 27437K, committed 28288K, reserved 1114112K
  class space    used 3390K, committed 3776K, reserved 1048576K
}
Event: 13.257 GC heap before
{Heap before GC invocations=28 (full 0):
 garbage-first heap   total 323584K, used 258942K [0x00000000c1400000, 0x0000000100000000)
  region size 1024K, 178 young (182272K), 1 survivors (1024K)
 Metaspace       used 27778K, committed 28736K, reserved 1114112K
  class space    used 3437K, committed 3904K, reserved 1048576K
}
Event: 13.260 GC heap after
{Heap after GC invocations=29 (full 0):
 garbage-first heap   total 323584K, used 78299K [0x00000000c1400000, 0x0000000100000000)
  region size 1024K, 2 young (2048K), 2 survivors (2048K)
 Metaspace       used 27778K, committed 28736K, reserved 1114112K
  class space    used 3437K, committed 3904K, reserved 1048576K
}
Event: 15.572 GC heap before
{Heap before GC invocations=29 (full 0):
 garbage-first heap   total 323584K, used 267739K [0x00000000c1400000, 0x0000000100000000)
  region size 1024K, 184 young (188416K), 2 survivors (2048K)
 Metaspace       used 32372K, committed 33344K, reserved 1114112K
  class space    used 3927K, committed 4352K, reserved 1048576K
}
Event: 15.579 GC heap after
{Heap after GC invocations=30 (full 0):
 garbage-first heap   total 323584K, used 80697K [0x00000000c1400000, 0x0000000100000000)
  region size 1024K, 4 young (4096K), 4 survivors (4096K)
 Metaspace       used 32372K, committed 33344K, reserved 1114112K
  class space    used 3927K, committed 4352K, reserved 1048576K
}

