# JRE version: OpenJDK Runtime Environment Temurin-17.0.8+7 (17.0.8+7) (build 17.0.8+7)
# Java VM: OpenJDK 64-Bit Server VM Temurin-17.0.8+7 (17.0.8+7, mixed mode, sharing, tiered, compressed oops, compressed class ptrs, g1 gc, windows-amd64)
GC Precious Log:
 CPUs: 4 total, 4 available
 Memory: 4013M
 Large Page Support: Disabled
 NUMA Support: Disabled
 Compressed Oops: Enabled (32-bit)
 Heap Region Size: 1M
 Heap Min Capacity: 8M
 Heap Initial Capacity: 64M
 Heap Max Capacity: 1004M
 Pre-touch: Disabled
 Parallel Workers: 4
 Concurrent Workers: 1
 Concurrent Refinement Workers: 4
 Periodic GC: Disabled
Heap:
 garbage-first heap   total 306176K, used 147396K [0x00000000c1400000, 0x0000000100000000)
  region size 1024K, 15 young (15360K), 15 survivors (15360K)
 Metaspace       used 49687K, committed 50880K, reserved 1114112K
  class space    used 6755K, committed 7296K, reserved 1048576K
GC Heap History (20 events):
Event: 32.536 GC heap after
{Heap after GC invocations=41 (full 0):
 garbage-first heap   total 232448K, used 88657K [0x00000000c1400000, 0x0000000100000000)
  region size 1024K, 10 young (10240K), 10 survivors (10240K)
 Metaspace       used 36249K, committed 37376K, reserved 1114112K
  class space    used 4330K, committed 4864K, reserved 1048576K
}
Event: 32.569 GC heap before
{Heap before GC invocations=41 (full 0):
 garbage-first heap   total 232448K, used 89681K [0x00000000c1400000, 0x0000000100000000)
  region size 1024K, 11 young (11264K), 10 survivors (10240K)
 Metaspace       used 36267K, committed 37376K, reserved 1114112K
  class space    used 4330K, committed 4864K, reserved 1048576K
}
Event: 32.653 GC heap after
{Heap after GC invocations=42 (full 0):
 garbage-first heap   total 232448K, used 88227K [0x00000000c1400000, 0x0000000100000000)
  region size 1024K, 1 young (1024K), 1 survivors (1024K)
 Metaspace       used 36267K, committed 37376K, reserved 1114112K
  class space    used 4330K, committed 4864K, reserved 1048576K
}
Event: 41.784 GC heap before
{Heap before GC invocations=42 (full 0):
 garbage-first heap   total 232448K, used 194723K [0x00000000c1400000, 0x0000000100000000)
  region size 1024K, 105 young (107520K), 1 survivors (1024K)
 Metaspace       used 37514K, committed 38656K, reserved 1114112K
  class space    used 4594K, committed 5120K, reserved 1048576K
}
Event: 41.821 GC heap after
{Heap after GC invocations=43 (full 0):
 garbage-first heap   total 232448K, used 89362K [0x00000000c1400000, 0x0000000100000000)
  region size 1024K, 3 young (3072K), 3 survivors (3072K)
 Metaspace       used 37514K, committed 38656K, reserved 1114112K
  class space    used 4594K, committed 5120K, reserved 1048576K
}
Event: 47.139 GC heap before
{Heap before GC invocations=44 (full 0):
 garbage-first heap   total 232448K, used 194834K [0x00000000c1400000, 0x0000000100000000)
  region size 1024K, 106 young (108544K), 3 survivors (3072K)
 Metaspace       used 41101K, committed 42240K, reserved 1114112K
  class space    used 5269K, committed 5824K, reserved 1048576K
}
Event: 47.206 GC heap after
{Heap after GC invocations=45 (full 0):
 garbage-first heap   total 232448K, used 97345K [0x00000000c1400000, 0x0000000100000000)
  region size 1024K, 10 young (10240K), 10 survivors (10240K)
 Metaspace       used 41101K, committed 42240K, reserved 1114112K
  class space    used 5269K, committed 5824K, reserved 1048576K
}
Event: 47.218 GC heap before
{Heap before GC invocations=45 (full 0):
 garbage-first heap   total 232448K, used 98369K [0x00000000c1400000, 0x0000000100000000)
  region size 1024K, 11 young (11264K), 10 survivors (10240K)
 Metaspace       used 41101K, committed 42240K, reserved 1114112K
  class space    used 5269K, committed 5824K, reserved 1048576K
}
Event: 47.283 GC heap after
{Heap after GC invocations=46 (full 0):
 garbage-first heap   total 232448K, used 96720K [0x00000000c1400000, 0x0000000100000000)
  region size 1024K, 1 young (1024K), 1 survivors (1024K)
 Metaspace       used 41101K, committed 42240K, reserved 1114112K
  class space    used 5269K, committed 5824K, reserved 1048576K
}
Event: 48.996 GC heap before
{Heap before GC invocations=46 (full 0):
 garbage-first heap   total 232448K, used 191952K [0x00000000c1400000, 0x0000000100000000)
  region size 1024K, 94 young (96256K), 1 survivors (1024K)
 Metaspace       used 42209K, committed 43456K, reserved 1114112K
  class space    used 5447K, committed 6016K, reserved 1048576K
}
Event: 49.046 GC heap after
{Heap after GC invocations=47 (full 0):
 garbage-first heap   total 232448K, used 106260K [0x00000000c1400000, 0x0000000100000000)
  region size 1024K, 10 young (10240K), 10 survivors (10240K)
 Metaspace       used 42209K, committed 43456K, reserved 1114112K
  class space    used 5447K, committed 6016K, reserved 1048576K
}
Event: 50.638 GC heap before
{Heap before GC invocations=47 (full 0):
 garbage-first heap   total 232448K, used 190228K [0x00000000c1400000, 0x0000000100000000)
  region size 1024K, 92 young (94208K), 10 survivors (10240K)
 Metaspace       used 42457K, committed 43648K, reserved 1114112K
  class space    used 5497K, committed 6016K, reserved 1048576K
}
Event: 50.709 GC heap after
{Heap after GC invocations=48 (full 0):
 garbage-first heap   total 232448K, used 116958K [0x00000000c1400000, 0x0000000100000000)
  region size 1024K, 11 young (11264K), 11 survivors (11264K)
 Metaspace       used 42457K, committed 43648K, reserved 1114112K
  class space    used 5497K, committed 6016K, reserved 1048576K
}
Event: 51.262 GC heap before
{Heap before GC invocations=48 (full 0):
 garbage-first heap   total 232448K, used 189662K [0x00000000c1400000, 0x0000000100000000)
  region size 1024K, 82 young (83968K), 11 survivors (11264K)
 Metaspace       used 42779K, committed 43968K, reserved 1114112K
  class space    used 5535K, committed 6080K, reserved 1048576K
}
Event: 51.405 GC heap after
{Heap after GC invocations=49 (full 0):
 garbage-first heap   total 232448K, used 124357K [0x00000000c1400000, 0x0000000100000000)
  region size 1024K, 8 young (8192K), 8 survivors (8192K)
 Metaspace       used 42779K, committed 43968K, reserved 1114112K
  class space    used 5535K, committed 6080K, reserved 1048576K
}
Event: 53.143 GC heap before
{Heap before GC invocations=50 (full 0):
 garbage-first heap   total 306176K, used 185797K [0x00000000c1400000, 0x0000000100000000)
  region size 1024K, 68 young (69632K), 8 survivors (8192K)
 Metaspace       used 43120K, committed 44352K, reserved 1114112K
  class space    used 5602K, committed 6144K, reserved 1048576K
}
Event: 53.244 GC heap after
{Heap after GC invocations=51 (full 0):
 garbage-first heap   total 306176K, used 132250K [0x00000000c1400000, 0x0000000100000000)
  region size 1024K, 8 young (8192K), 8 survivors (8192K)
 Metaspace       used 43120K, committed 44352K, reserved 1114112K
  class space    used 5602K, committed 6144K, reserved 1048576K
}
Event: 53.539 GC heap before
{Heap before GC invocations=51 (full 0):
 garbage-first heap   total 306176K, used 138394K [0x00000000c1400000, 0x0000000100000000)
  region size 1024K, 14 young (14336K), 8 survivors (8192K)
 Metaspace       used 43497K, committed 44672K, reserved 1114112K
  class space    used 5683K, committed 6208K, reserved 1048576K
}
Event: 53.573 GC heap after
{Heap after GC invocations=52 (full 0):
 garbage-first heap   total 306176K, used 131423K [0x00000000c1400000, 0x0000000100000000)
  region size 1024K, 2 young (2048K), 2 survivors (2048K)
 Metaspace       used 43497K, committed 44672K, reserved 1114112K
  class space    used 5683K, committed 6208K, reserved 1048576K
}
Event: 58.230 GC heap before
{Heap before GC invocations=52 (full 0):
 garbage-first heap   total 306176K, used 248159K [0x00000000c1400000, 0x0000000100000000)
  region size 1024K, 114 young (116736K), 2 survivors (2048K)
 Metaspace       used 49687K, committed 50880K, reserved 1114112K
  class space    used 6755K, committed 7296K, reserved 1048576K
}

